<?xml version="1.0" encoding="UTF-8"?>
<!-- Generated by org.testng.reporters.JUnitReportReporter -->
<testsuite skipped="0" hostname="Rahul_QA" name="TestNG.LoginScript" tests="1" failures="0" timestamp="22 Nov 2018 06:43:57 GMT" time="39.633" errors="0">
  <testcase name="loginTest" time="39.633" classname="TestNG.LoginScript"/>
</testsuite> <!-- TestNG.LoginScript -->
